<?xml version="1.0" encoding="UTF-8"?>
<testsuite xmlns:xsi="http://www.w3.org/2001/XMLSchema-instance" xsi:noNamespaceSchemaLocation="https://maven.apache.org/surefire/maven-surefire-plugin/xsd/surefire-test-report.xsd" name="com.desafioqa.testrunners.ShoppingCartTest" time="120.669" tests="7" errors="0" skipped="0" failures="0">
  <properties>
    <property name="sun.desktop" value="windows"/>
    <property name="awt.toolkit" value="sun.awt.windows.WToolkit"/>
    <property name="java.specification.version" value="11"/>
    <property name="sun.cpu.isalist" value="amd64"/>
    <property name="sun.jnu.encoding" value="Cp1252"/>
    <property name="java.class.path" value="C:\dev\desafio-qa-zup\desafio-qa-zup\target\test-classes;C:\dev\desafio-qa-zup\desafio-qa-zup\target\classes;C:\Users\allan\.m2\repository\io\cucumber\cucumber-java\6.3.0\cucumber-java-6.3.0.jar;C:\Users\allan\.m2\repository\io\cucumber\cucumber-core\6.3.0\cucumber-core-6.3.0.jar;C:\Users\allan\.m2\repository\io\cucumber\cucumber-gherkin\6.3.0\cucumber-gherkin-6.3.0.jar;C:\Users\allan\.m2\repository\io\cucumber\cucumber-gherkin-messages\6.3.0\cucumber-gherkin-messages-6.3.0.jar;C:\Users\allan\.m2\repository\io\cucumber\messages\12.2.0\messages-12.2.0.jar;C:\Users\allan\.m2\repository\io\cucumber\tag-expressions\3.0.0\tag-expressions-3.0.0.jar;C:\Users\allan\.m2\repository\io\cucumber\cucumber-expressions\10.2.1\cucumber-expressions-10.2.1.jar;C:\Users\allan\.m2\repository\io\cucumber\datatable\3.3.1\datatable-3.3.1.jar;C:\Users\allan\.m2\repository\io\cucumber\cucumber-plugin\6.3.0\cucumber-plugin-6.3.0.jar;C:\Users\allan\.m2\repository\io\cucumber\docstring\6.3.0\docstring-6.3.0.jar;C:\Users\allan\.m2\repository\io\cucumber\html-formatter\7.0.0\html-formatter-7.0.0.jar;C:\Users\allan\.m2\repository\org\apiguardian\apiguardian-api\1.1.0\apiguardian-api-1.1.0.jar;C:\Users\allan\.m2\repository\io\cucumber\cucumber-junit\6.3.0\cucumber-junit-6.3.0.jar;C:\Users\allan\.m2\repository\junit\junit\4.13\junit-4.13.jar;C:\Users\allan\.m2\repository\org\hamcrest\hamcrest-core\1.3\hamcrest-core-1.3.jar;C:\Users\allan\.m2\repository\org\seleniumhq\selenium\selenium-java\3.141.59\selenium-java-3.141.59.jar;C:\Users\allan\.m2\repository\org\seleniumhq\selenium\selenium-api\3.141.59\selenium-api-3.141.59.jar;C:\Users\allan\.m2\repository\org\seleniumhq\selenium\selenium-edge-driver\3.141.59\selenium-edge-driver-3.141.59.jar;C:\Users\allan\.m2\repository\org\seleniumhq\selenium\selenium-firefox-driver\3.141.59\selenium-firefox-driver-3.141.59.jar;C:\Users\allan\.m2\repository\org\seleniumhq\selenium\selenium-ie-driver\3.141.59\selenium-ie-driver-3.141.59.jar;C:\Users\allan\.m2\repository\org\seleniumhq\selenium\selenium-opera-driver\3.141.59\selenium-opera-driver-3.141.59.jar;C:\Users\allan\.m2\repository\org\seleniumhq\selenium\selenium-remote-driver\3.141.59\selenium-remote-driver-3.141.59.jar;C:\Users\allan\.m2\repository\org\seleniumhq\selenium\selenium-safari-driver\3.141.59\selenium-safari-driver-3.141.59.jar;C:\Users\allan\.m2\repository\org\seleniumhq\selenium\selenium-support\3.141.59\selenium-support-3.141.59.jar;C:\Users\allan\.m2\repository\net\bytebuddy\byte-buddy\1.8.15\byte-buddy-1.8.15.jar;C:\Users\allan\.m2\repository\org\apache\commons\commons-exec\1.3\commons-exec-1.3.jar;C:\Users\allan\.m2\repository\com\google\guava\guava\25.0-jre\guava-25.0-jre.jar;C:\Users\allan\.m2\repository\com\google\code\findbugs\jsr305\1.3.9\jsr305-1.3.9.jar;C:\Users\allan\.m2\repository\org\checkerframework\checker-compat-qual\2.0.0\checker-compat-qual-2.0.0.jar;C:\Users\allan\.m2\repository\com\google\errorprone\error_prone_annotations\2.1.3\error_prone_annotations-2.1.3.jar;C:\Users\allan\.m2\repository\com\google\j2objc\j2objc-annotations\1.1\j2objc-annotations-1.1.jar;C:\Users\allan\.m2\repository\org\codehaus\mojo\animal-sniffer-annotations\1.14\animal-sniffer-annotations-1.14.jar;C:\Users\allan\.m2\repository\com\squareup\okhttp3\okhttp\3.11.0\okhttp-3.11.0.jar;C:\Users\allan\.m2\repository\com\squareup\okio\okio\1.14.0\okio-1.14.0.jar;C:\Users\allan\.m2\repository\org\seleniumhq\selenium\selenium-chrome-driver\3.141.59\selenium-chrome-driver-3.141.59.jar;"/>
    <property name="java.vm.vendor" value="Amazon.com Inc."/>
    <property name="sun.arch.data.model" value="64"/>
    <property name="user.variant" value=""/>
    <property name="java.vendor.url" value="https://aws.amazon.com/corretto/"/>
    <property name="user.timezone" value="America/Sao_Paulo"/>
    <property name="java.vm.specification.version" value="11"/>
    <property name="os.name" value="Windows 10"/>
    <property name="sun.java.launcher" value="SUN_STANDARD"/>
    <property name="user.country" value="US"/>
    <property name="sun.boot.library.path" value="C:\Program Files\Amazon Corretto\jdk11.0.7_10\bin"/>
    <property name="sun.java.command" value="C:\Temp\surefire10585483718610827041\surefirebooter15527971899979162826.jar C:\temp\surefire10585483718610827041 2020-07-31T17-18-48_301-jvmRun1 surefire5019537827804960929tmp surefire_011211582251490930681tmp"/>
    <property name="jdk.debug" value="release"/>
    <property name="surefire.test.class.path" value="C:\dev\desafio-qa-zup\desafio-qa-zup\target\test-classes;C:\dev\desafio-qa-zup\desafio-qa-zup\target\classes;C:\Users\allan\.m2\repository\io\cucumber\cucumber-java\6.3.0\cucumber-java-6.3.0.jar;C:\Users\allan\.m2\repository\io\cucumber\cucumber-core\6.3.0\cucumber-core-6.3.0.jar;C:\Users\allan\.m2\repository\io\cucumber\cucumber-gherkin\6.3.0\cucumber-gherkin-6.3.0.jar;C:\Users\allan\.m2\repository\io\cucumber\cucumber-gherkin-messages\6.3.0\cucumber-gherkin-messages-6.3.0.jar;C:\Users\allan\.m2\repository\io\cucumber\messages\12.2.0\messages-12.2.0.jar;C:\Users\allan\.m2\repository\io\cucumber\tag-expressions\3.0.0\tag-expressions-3.0.0.jar;C:\Users\allan\.m2\repository\io\cucumber\cucumber-expressions\10.2.1\cucumber-expressions-10.2.1.jar;C:\Users\allan\.m2\repository\io\cucumber\datatable\3.3.1\datatable-3.3.1.jar;C:\Users\allan\.m2\repository\io\cucumber\cucumber-plugin\6.3.0\cucumber-plugin-6.3.0.jar;C:\Users\allan\.m2\repository\io\cucumber\docstring\6.3.0\docstring-6.3.0.jar;C:\Users\allan\.m2\repository\io\cucumber\html-formatter\7.0.0\html-formatter-7.0.0.jar;C:\Users\allan\.m2\repository\org\apiguardian\apiguardian-api\1.1.0\apiguardian-api-1.1.0.jar;C:\Users\allan\.m2\repository\io\cucumber\cucumber-junit\6.3.0\cucumber-junit-6.3.0.jar;C:\Users\allan\.m2\repository\junit\junit\4.13\junit-4.13.jar;C:\Users\allan\.m2\repository\org\hamcrest\hamcrest-core\1.3\hamcrest-core-1.3.jar;C:\Users\allan\.m2\repository\org\seleniumhq\selenium\selenium-java\3.141.59\selenium-java-3.141.59.jar;C:\Users\allan\.m2\repository\org\seleniumhq\selenium\selenium-api\3.141.59\selenium-api-3.141.59.jar;C:\Users\allan\.m2\repository\org\seleniumhq\selenium\selenium-edge-driver\3.141.59\selenium-edge-driver-3.141.59.jar;C:\Users\allan\.m2\repository\org\seleniumhq\selenium\selenium-firefox-driver\3.141.59\selenium-firefox-driver-3.141.59.jar;C:\Users\allan\.m2\repository\org\seleniumhq\selenium\selenium-ie-driver\3.141.59\selenium-ie-driver-3.141.59.jar;C:\Users\allan\.m2\repository\org\seleniumhq\selenium\selenium-opera-driver\3.141.59\selenium-opera-driver-3.141.59.jar;C:\Users\allan\.m2\repository\org\seleniumhq\selenium\selenium-remote-driver\3.141.59\selenium-remote-driver-3.141.59.jar;C:\Users\allan\.m2\repository\org\seleniumhq\selenium\selenium-safari-driver\3.141.59\selenium-safari-driver-3.141.59.jar;C:\Users\allan\.m2\repository\org\seleniumhq\selenium\selenium-support\3.141.59\selenium-support-3.141.59.jar;C:\Users\allan\.m2\repository\net\bytebuddy\byte-buddy\1.8.15\byte-buddy-1.8.15.jar;C:\Users\allan\.m2\repository\org\apache\commons\commons-exec\1.3\commons-exec-1.3.jar;C:\Users\allan\.m2\repository\com\google\guava\guava\25.0-jre\guava-25.0-jre.jar;C:\Users\allan\.m2\repository\com\google\code\findbugs\jsr305\1.3.9\jsr305-1.3.9.jar;C:\Users\allan\.m2\repository\org\checkerframework\checker-compat-qual\2.0.0\checker-compat-qual-2.0.0.jar;C:\Users\allan\.m2\repository\com\google\errorprone\error_prone_annotations\2.1.3\error_prone_annotations-2.1.3.jar;C:\Users\allan\.m2\repository\com\google\j2objc\j2objc-annotations\1.1\j2objc-annotations-1.1.jar;C:\Users\allan\.m2\repository\org\codehaus\mojo\animal-sniffer-annotations\1.14\animal-sniffer-annotations-1.14.jar;C:\Users\allan\.m2\repository\com\squareup\okhttp3\okhttp\3.11.0\okhttp-3.11.0.jar;C:\Users\allan\.m2\repository\com\squareup\okio\okio\1.14.0\okio-1.14.0.jar;C:\Users\allan\.m2\repository\org\seleniumhq\selenium\selenium-chrome-driver\3.141.59\selenium-chrome-driver-3.141.59.jar;"/>
    <property name="sun.cpu.endian" value="little"/>
    <property name="user.home" value="C:\Users\allan"/>
    <property name="user.language" value="en"/>
    <property name="java.specification.vendor" value="Oracle Corporation"/>
    <property name="java.version.date" value="2020-04-14"/>
    <property name="java.home" value="C:\Program Files\Amazon Corretto\jdk11.0.7_10"/>
    <property name="file.separator" value="\"/>
    <property name="basedir" value="C:\dev\desafio-qa-zup\desafio-qa-zup"/>
    <property name="java.vm.compressedOopsMode" value="Zero based"/>
    <property name="line.separator" value="&#10;"/>
    <property name="java.specification.name" value="Java Platform API Specification"/>
    <property name="java.vm.specification.vendor" value="Oracle Corporation"/>
    <property name="java.awt.graphicsenv" value="sun.awt.Win32GraphicsEnvironment"/>
    <property name="surefire.real.class.path" value="C:\Temp\surefire10585483718610827041\surefirebooter15527971899979162826.jar"/>
    <property name="user.script" value=""/>
    <property name="sun.management.compiler" value="HotSpot 64-Bit Tiered Compilers"/>
    <property name="java.runtime.version" value="11.0.7+10-LTS"/>
    <property name="user.name" value="allan"/>
    <property name="path.separator" value=";"/>
    <property name="os.version" value="10.0"/>
    <property name="java.runtime.name" value="OpenJDK Runtime Environment"/>
    <property name="file.encoding" value="Cp1252"/>
    <property name="java.vm.name" value="OpenJDK 64-Bit Server VM"/>
    <property name="java.vendor.version" value="Corretto-11.0.7.10.1"/>
    <property name="localRepository" value="C:\Users\allan\.m2\repository"/>
    <property name="java.vendor.url.bug" value="https://github.com/corretto/corretto-11/issues/"/>
    <property name="java.io.tmpdir" value="C:\Temp\"/>
    <property name="java.version" value="11.0.7"/>
    <property name="user.dir" value="C:\dev\desafio-qa-zup\desafio-qa-zup"/>
    <property name="os.arch" value="amd64"/>
    <property name="java.vm.specification.name" value="Java Virtual Machine Specification"/>
    <property name="java.awt.printerjob" value="sun.awt.windows.WPrinterJob"/>
    <property name="sun.os.patch.level" value=""/>
    <property name="java.library.path" value="C:\Program Files\Amazon Corretto\jdk11.0.7_10\bin;C:\Windows\Sun\Java\bin;C:\Windows\system32;C:\Windows;C:\tools\Cmder\vendor\bin;C:\tools\Cmder\vendor\conemu-maximus5\ConEmu\Scripts;C:\tools\Cmder\vendor\conemu-maximus5;C:\tools\Cmder\vendor\conemu-maximus5\ConEmu;C:\tools\ruby27\bin;C:\Python39\Scripts\;C:\Python39\;C:\Program Files\Amazon Corretto\jdk11.0.7_10\bin;C:\Windows\system32;C:\Windows;C:\Windows\System32\Wbem;C:\Windows\System32\WindowsPowerShell\v1.0\;C:\Windows\System32\OpenSSH\;C:\ProgramData\chocolatey\bin;C:\HashiCorp\Vagrant\bin;C:\tools\php74;C:\ProgramData\ComposerSetup\bin;C:\Program Files\Git\cmd;C:\Program Files\nodejs\;C:\Program Files\PostgreSQL\12\bin;C:\env\sqlite;C:\env\drivers;C:\Program Files (x86)\Yarn\bin\;C:\ProgramData\chocolatey\lib\maven\apache-maven-3.6.3\bin;C:\Users\allan\AppData\Local\Programs\Python\Python38\Scripts\;C:\Users\allan\AppData\Local\Programs\Python\Python38\;C:\Users\allan\AppData\Local\Microsoft\WindowsApps;C:\Users\allan\AppData\Local\Programs\Microsoft VS Code\bin;C:\Program Files\Oracle\VirtualBox;C:\Users\allan\AppData\Roaming\Composer\vendor\bin;C:\Users\allan\AppData\Roaming\npm;C:\env\geckodriver;C:\tools\Cmder;C:\Program Files\JetBrains\PyCharm Community Edition 2020.1.4\bin;C:\Users\allan\AppData\Local\Yarn\bin;C:\Program Files\Git\mingw64\bin;C:\Program Files\Git\usr\bin;."/>
    <property name="java.vendor" value="Amazon.com Inc."/>
    <property name="java.vm.info" value="mixed mode"/>
    <property name="java.vm.version" value="11.0.7+10-LTS"/>
    <property name="sun.io.unicode.encoding" value="UnicodeLittle"/>
    <property name="java.class.version" value="55.0"/>
  </properties>
  <testcase name="Consumer can add an item to shopping cart" classname="Shopping Cart" time="18.384"/>
  <testcase name="Consumer can add multiple itens to shopping cart" classname="Shopping Cart" time="22.193"/>
  <testcase name="Consumer can add the same item only once to shopping cart" classname="Shopping Cart" time="21.807"/>
  <testcase name="Consumer can empty the shopping cart" classname="Shopping Cart" time="15.28"/>
  <testcase name="Consumer can remove an item from the shopping cart" classname="Shopping Cart" time="21.324"/>
  <testcase name="Consumer can see unavailable items" classname="Shopping Cart" time="12.117"/>
  <testcase name="Consumer can&apos;t see non existing items" classname="Shopping Cart" time="9.1"/>
</testsuite>